app/build/outputs/logs/manifest-merger-debug-report.txt
-- Merging decision tree log ---
manifest
ADDED from src\main\AndroidManifest.xml:3:1-60:12
INJECTED from src\main\AndroidManifest.xml:3:1-60:12
INJECTED from src\main\AndroidManifest.xml:3:1-60:12
INJECTED from src\main\AndroidManifest.xml:3:1-60:12
MERGED from [:wheel] AndroidManifest.xml:2:1-12:12
INJECTED from src\main\AndroidManifest.xml:3:1-60:12
INJECTED from src\main\AndroidManifest.xml:3:1-60:12
INJECTED from src\main\AndroidManifest.xml:3:1-60:12
	package
		ADDED from src\main\AndroidManifest.xml:4:7-34
		INJECTED from src\main\AndroidManifest.xml
		INJECTED from src\main\AndroidManifest.xml
	android:versionName
		INJECTED from src\main\AndroidManifest.xml
		ADDED from src\main\AndroidManifest.xml:3:1-60:12
		INJECTED from src\main\AndroidManifest.xml
	android:versionCode
		INJECTED from src\main\AndroidManifest.xml
		ADDED from src\main\AndroidManifest.xml:3:1-60:12
		INJECTED from src\main\AndroidManifest.xml
	xmlns:android
		ADDED from src\main\AndroidManifest.xml:3:11-69
application
ADDED from src\main\AndroidManifest.xml:6:5-57:19
MERGED from [:wheel] AndroidManifest.xml:10:5-20
MERGED from [:wheel] AndroidManifest.xml:10:5-20
	android:label
		ADDED from src\main\AndroidManifest.xml:6:49-74
	android:icon
		ADDED from src\main\AndroidManifest.xml:6:18-48
activity#kankan.wheel.demo.WheelDemo
ADDED from src\main\AndroidManifest.xml:8:3-13:14
	android:name
		ADDED from src\main\AndroidManifest.xml:8:13-55
intent-filter#android.intent.action.MAIN+android.intent.category.LAUNCHER
ADDED from src\main\AndroidManifest.xml:9:7-12:29
action#android.intent.action.MAIN
ADDED from src\main\AndroidManifest.xml:10:17-69
	android:name
		ADDED from src\main\AndroidManifest.xml:10:25-66
category#android.intent.category.LAUNCHER
ADDED from src\main\AndroidManifest.xml:11:17-77
	android:name
		ADDED from src\main\AndroidManifest.xml:11:27-74
activity#kankan.wheel.demo.TimeActivity
ADDED from src\main\AndroidManifest.xml:14:3-19:14
	android:label
		ADDED from src\main\AndroidManifest.xml:14:59-79
	android:name
		ADDED from src\main\AndroidManifest.xml:14:13-58
intent-filter#android.intent.action.MAIN+kankan.wheel.WHEEL_SAMPLE
ADDED from src\main\AndroidManifest.xml:15:7-18:29
category#kankan.wheel.WHEEL_SAMPLE
ADDED from src\main\AndroidManifest.xml:17:17-69
	android:name
		ADDED from src\main\AndroidManifest.xml:17:27-67
activity#kankan.wheel.demo.Time2Activity
ADDED from src\main\AndroidManifest.xml:20:9-25:20
	android:label
		ADDED from src\main\AndroidManifest.xml:20:66-88
	android:name
		ADDED from src\main\AndroidManifest.xml:20:19-65
activity#kankan.wheel.demo.DateActivity
ADDED from src\main\AndroidManifest.xml:26:9-31:20
	android:label
		ADDED from src\main\AndroidManifest.xml:26:65-85
	android:name
		ADDED from src\main\AndroidManifest.xml:26:19-64
activity#kankan.wheel.demo.PasswActivity
ADDED from src\main\AndroidManifest.xml:32:3-37:14
	android:label
		ADDED from src\main\AndroidManifest.xml:32:60-84
	android:name
		ADDED from src\main\AndroidManifest.xml:32:13-59
activity#kankan.wheel.demo.SlotMachineActivity
ADDED from src\main\AndroidManifest.xml:38:9-43:20
	android:label
		ADDED from src\main\AndroidManifest.xml:38:72-100
	android:name
		ADDED from src\main\AndroidManifest.xml:38:19-71
activity#kankan.wheel.demo.CitiesActivity
ADDED from src\main\AndroidManifest.xml:44:3-49:14
	android:label
		ADDED from src\main\AndroidManifest.xml:44:61-83
	android:name
		ADDED from src\main\AndroidManifest.xml:44:13-60
uses-sdk
INJECTED from src\main\AndroidManifest.xml reason: use-sdk injection requested
INJECTED from src\main\AndroidManifest.xml
INJECTED from src\main\AndroidManifest.xml
MERGED from [:wheel] AndroidManifest.xml:6:5-8:41
MERGED from [:wheel] AndroidManifest.xml:6:5-8:41
INJECTED from src\main\AndroidManifest.xml
INJECTED from src\main\AndroidManifest.xml
	android:targetSdkVersion
		INJECTED from src\main\AndroidManifest.xml
		ADDED from src\main\AndroidManifest.xml
		INJECTED from src\main\AndroidManifest.xml
	android:minSdkVersion
		INJECTED from src\main\AndroidManifest.xml
		ADDED from src\main\AndroidManifest.xml
		INJECTED from src\main\AndroidManifest.xml